<?xml version="1.0" encoding="UTF-8"?>
<!-- Generated by org.testng.reporters.JUnitReportReporter -->
<testsuite hostname="DESKTOP-8GVSN4E" failures="0" tests="2" name="com.promUA.tests.RegistrationTest" time="20.049" errors="1" timestamp="09 апр. 2020 16:33:58 GMT" skipped="0">
  <testcase classname="com.promUA.tests.RegistrationTest" name="testCompanyRegistration" time="17.064"/>
  <testcase classname="com.promUA.tests.RegistrationTest" name="testMailVerificationAfterRegistration" time="2.985">
    <error message="This operation is not allowed on a closed folder" type="java.lang.IllegalStateException">
      <![CDATA[java.lang.IllegalStateException: This operation is not allowed on a closed folder
at com.sun.mail.imap.IMAPFolder.close(IMAPFolder.java:955)
at com.sun.mail.imap.IMAPFolder.close(IMAPFolder.java:935)
at com.promUA.util.MailHelper.closeStore(MailHelper.java:41)
at com.promUA.util.MailHelper.getMessegeSubjectForReceiver(MailHelper.java:95)
at com.promUA.tests.RegistrationTest.testMailVerificationAfterRegistration(RegistrationTest.java:41)
at java.base/jdk.internal.reflect.NativeMethodAccessorImpl.invoke0(Native Method)
at java.base/jdk.internal.reflect.NativeMethodAccessorImpl.invoke(NativeMethodAccessorImpl.java:62)
at java.base/jdk.internal.reflect.DelegatingMethodAccessorImpl.invoke(DelegatingMethodAccessorImpl.java:43)
at java.base/java.lang.reflect.Method.invoke(Method.java:564)
at org.testng.internal.MethodInvocationHelper.invokeMethod(MethodInvocationHelper.java:124)
at org.testng.internal.Invoker.invokeMethod(Invoker.java:583)
at org.testng.internal.Invoker.invokeTestMethod(Invoker.java:719)
at org.testng.internal.Invoker.invokeTestMethods(Invoker.java:989)
at org.testng.internal.TestMethodWorker.invokeTestMethods(TestMethodWorker.java:125)
at org.testng.internal.TestMethodWorker.run(TestMethodWorker.java:109)
at java.base/java.util.concurrent.ThreadPoolExecutor.runWorker(ThreadPoolExecutor.java:1130)
at java.base/java.util.concurrent.ThreadPoolExecutor$Worker.run(ThreadPoolExecutor.java:630)
at java.base/java.lang.Thread.run(Thread.java:832)
]]>
    </error>
  </testcase> <!-- testMailVerificationAfterRegistration -->
</testsuite> <!-- com.promUA.tests.RegistrationTest -->
